opened convpng.ini

--- palette pmain.png ---
building palette with [256] available indices ...
built palette with [5] indices.
palette quality : 100.00%
wrote palette image (out/pmain.png)

--- palette ptitle.png ---
building palette with [256] available indices ...
built palette with [256] indices.
palette quality : 97.42%
wrote palette image (out/ptitle.png)

--- sprites_gfx (C) ---
using defined palette out/pmain.png ...
8:
 ball0 : converted! (1026 > 94 bytes)
 ball1 : converted! (1026 > 107 bytes)
 ball2 : converted! (1026 > 107 bytes)
 ball3 : converted! (1026 > 87 bytes)
 ball4 : converted! (1026 > 104 bytes)
 ball5 : converted! (1026 > 108 bytes)
 ball6 : converted! (1026 > 102 bytes)
 ball7 : converted! (1026 > 84 bytes)

--- title_gfx (C) ---
using defined palette out/ptitle.png ...
1:
 title : converted! (17597 > 7793 bytes)

converted in 0 s

[warning] image quality might be too low.
please try grouping similar images, reducing image colors, 
or selecting a better palette if conversion is not ideal.

finished!
